[0.682s] DEBUG:colcon:Command line arguments: ['/usr/bin/colcon', 'build', '--symlink-install']
[0.682s] DEBUG:colcon:Parsed command line arguments: Namespace(log_base=None, log_level=None, verb_name='build', build_base='build', install_base='install', merge_install=False, symlink_install=True, test_result_base=None, continue_on_error=False, executor='parallel', parallel_workers=16, event_handlers=None, ignore_user_meta=False, metas=['./colcon.meta'], base_paths=['.'], packages_ignore=None, packages_ignore_regex=None, paths=None, packages_up_to=None, packages_up_to_regex=None, packages_above=None, packages_above_and_dependencies=None, packages_above_depth=None, packages_select_by_dep=None, packages_skip_by_dep=None, packages_skip_up_to=None, packages_select_build_failed=False, packages_skip_build_finished=False, packages_select_test_failures=False, packages_skip_test_passed=False, packages_select=None, packages_skip=None, packages_select_regex=None, packages_skip_regex=None, packages_start=None, packages_end=None, allow_overriding=[], cmake_args=None, cmake_target=None, cmake_target_skip_unavailable=False, cmake_clean_cache=False, cmake_clean_first=False, cmake_force_configure=False, ament_cmake_args=None, catkin_cmake_args=None, catkin_skip_building_tests=False, verb_parser=<colcon_defaults.argument_parser.defaults.DefaultArgumentsDecorator object at 0x7f18d24d4910>, verb_extension=<colcon_core.verb.build.BuildVerb object at 0x7f18d24d4ee0>, main=<bound method BuildVerb.main of <colcon_core.verb.build.BuildVerb object at 0x7f18d24d4ee0>>)
[0.715s] Level 1:colcon.colcon_core.package_discovery:discover_packages(colcon_meta) check parameters
[0.716s] Level 1:colcon.colcon_core.package_discovery:discover_packages(recursive) check parameters
[0.716s] Level 1:colcon.colcon_core.package_discovery:discover_packages(ignore) check parameters
[0.716s] Level 1:colcon.colcon_core.package_discovery:discover_packages(path) check parameters
[0.716s] Level 1:colcon.colcon_core.package_discovery:discover_packages(colcon_meta) discover
[0.716s] Level 1:colcon.colcon_core.package_discovery:discover_packages(recursive) discover
[0.716s] INFO:colcon.colcon_core.package_discovery:Crawling recursively for packages in '/home/jonny/projects/aloha_world/contol_ws'
[0.716s] Level 1:colcon.colcon_core.package_identification:_identify(.) by extensions ['ignore', 'ignore_ament_install']
[0.716s] Level 1:colcon.colcon_core.package_identification:_identify(.) by extension 'ignore'
[0.716s] Level 1:colcon.colcon_core.package_identification:_identify(.) by extension 'ignore_ament_install'
[0.716s] Level 1:colcon.colcon_core.package_identification:_identify(.) by extensions ['colcon_pkg']
[0.716s] Level 1:colcon.colcon_core.package_identification:_identify(.) by extension 'colcon_pkg'
[0.716s] Level 1:colcon.colcon_core.package_identification:_identify(.) by extensions ['colcon_meta']
[0.716s] Level 1:colcon.colcon_core.package_identification:_identify(.) by extension 'colcon_meta'
[0.716s] Level 1:colcon.colcon_core.package_identification:_identify(.) by extensions ['ros']
[0.716s] Level 1:colcon.colcon_core.package_identification:_identify(.) by extension 'ros'
[0.732s] Level 1:colcon.colcon_core.package_identification:_identify(.) by extensions ['cmake', 'python']
[0.732s] Level 1:colcon.colcon_core.package_identification:_identify(.) by extension 'cmake'
[0.732s] Level 1:colcon.colcon_core.package_identification:_identify(.) by extension 'python'
[0.732s] Level 1:colcon.colcon_core.package_identification:_identify(.) by extensions ['python_setup_py']
[0.732s] Level 1:colcon.colcon_core.package_identification:_identify(.) by extension 'python_setup_py'
[0.732s] Level 1:colcon.colcon_core.package_identification:_identify(build) by extensions ['ignore', 'ignore_ament_install']
[0.732s] Level 1:colcon.colcon_core.package_identification:_identify(build) by extension 'ignore'
[0.732s] Level 1:colcon.colcon_core.package_identification:_identify(build) ignored
[0.732s] Level 1:colcon.colcon_core.package_identification:_identify(install) by extensions ['ignore', 'ignore_ament_install']
[0.732s] Level 1:colcon.colcon_core.package_identification:_identify(install) by extension 'ignore'
[0.732s] Level 1:colcon.colcon_core.package_identification:_identify(install) ignored
[0.733s] Level 1:colcon.colcon_core.package_identification:_identify(log) by extensions ['ignore', 'ignore_ament_install']
[0.733s] Level 1:colcon.colcon_core.package_identification:_identify(log) by extension 'ignore'
[0.733s] Level 1:colcon.colcon_core.package_identification:_identify(log) ignored
[0.733s] Level 1:colcon.colcon_core.package_identification:_identify(src) by extensions ['ignore', 'ignore_ament_install']
[0.733s] Level 1:colcon.colcon_core.package_identification:_identify(src) by extension 'ignore'
[0.733s] Level 1:colcon.colcon_core.package_identification:_identify(src) by extension 'ignore_ament_install'
[0.733s] Level 1:colcon.colcon_core.package_identification:_identify(src) by extensions ['colcon_pkg']
[0.733s] Level 1:colcon.colcon_core.package_identification:_identify(src) by extension 'colcon_pkg'
[0.733s] Level 1:colcon.colcon_core.package_identification:_identify(src) by extensions ['colcon_meta']
[0.733s] Level 1:colcon.colcon_core.package_identification:_identify(src) by extension 'colcon_meta'
[0.733s] Level 1:colcon.colcon_core.package_identification:_identify(src) by extensions ['ros']
[0.733s] Level 1:colcon.colcon_core.package_identification:_identify(src) by extension 'ros'
[0.733s] Level 1:colcon.colcon_core.package_identification:_identify(src) by extensions ['cmake', 'python']
[0.733s] Level 1:colcon.colcon_core.package_identification:_identify(src) by extension 'cmake'
[0.733s] Level 1:colcon.colcon_core.package_identification:_identify(src) by extension 'python'
[0.733s] Level 1:colcon.colcon_core.package_identification:_identify(src) by extensions ['python_setup_py']
[0.733s] Level 1:colcon.colcon_core.package_identification:_identify(src) by extension 'python_setup_py'
[0.733s] Level 1:colcon.colcon_core.package_identification:_identify(src/xarm_pubsub) by extensions ['ignore', 'ignore_ament_install']
[0.733s] Level 1:colcon.colcon_core.package_identification:_identify(src/xarm_pubsub) by extension 'ignore'
[0.733s] Level 1:colcon.colcon_core.package_identification:_identify(src/xarm_pubsub) by extension 'ignore_ament_install'
[0.733s] Level 1:colcon.colcon_core.package_identification:_identify(src/xarm_pubsub) by extensions ['colcon_pkg']
[0.733s] Level 1:colcon.colcon_core.package_identification:_identify(src/xarm_pubsub) by extension 'colcon_pkg'
[0.733s] Level 1:colcon.colcon_core.package_identification:_identify(src/xarm_pubsub) by extensions ['colcon_meta']
[0.733s] Level 1:colcon.colcon_core.package_identification:_identify(src/xarm_pubsub) by extension 'colcon_meta'
[0.733s] Level 1:colcon.colcon_core.package_identification:_identify(src/xarm_pubsub) by extensions ['ros']
[0.733s] Level 1:colcon.colcon_core.package_identification:_identify(src/xarm_pubsub) by extension 'ros'
[0.735s] DEBUG:colcon.colcon_core.package_identification:Package 'src/xarm_pubsub' with type 'ros.ament_python' and name 'xarm_pubsub'
[0.735s] Level 1:colcon.colcon_core.package_discovery:discover_packages(recursive) using defaults
[0.735s] Level 1:colcon.colcon_core.package_discovery:discover_packages(ignore) discover
[0.735s] Level 1:colcon.colcon_core.package_discovery:discover_packages(ignore) using defaults
[0.735s] Level 1:colcon.colcon_core.package_discovery:discover_packages(path) discover
[0.735s] Level 1:colcon.colcon_core.package_discovery:discover_packages(path) using defaults
[0.807s] Level 1:colcon.colcon_core.package_discovery:discover_packages(prefix_path) check parameters
[0.807s] Level 1:colcon.colcon_core.package_discovery:discover_packages(prefix_path) discover
[0.827s] DEBUG:colcon.colcon_installed_package_information.package_discovery:Found 1 installed packages in /home/jonny/projects/aloha_world/contol_ws/install
[0.839s] DEBUG:colcon.colcon_installed_package_information.package_discovery:Found 351 installed packages in /opt/ros/iron
[0.840s] Level 1:colcon.colcon_core.package_discovery:discover_packages(prefix_path) using defaults
[0.896s] Level 5:colcon.colcon_core.verb:set package 'xarm_pubsub' build argument 'cmake_args' from command line to 'None'
[0.896s] Level 5:colcon.colcon_core.verb:set package 'xarm_pubsub' build argument 'cmake_target' from command line to 'None'
[0.896s] Level 5:colcon.colcon_core.verb:set package 'xarm_pubsub' build argument 'cmake_target_skip_unavailable' from command line to 'False'
[0.896s] Level 5:colcon.colcon_core.verb:set package 'xarm_pubsub' build argument 'cmake_clean_cache' from command line to 'False'
[0.896s] Level 5:colcon.colcon_core.verb:set package 'xarm_pubsub' build argument 'cmake_clean_first' from command line to 'False'
[0.896s] Level 5:colcon.colcon_core.verb:set package 'xarm_pubsub' build argument 'cmake_force_configure' from command line to 'False'
[0.896s] Level 5:colcon.colcon_core.verb:set package 'xarm_pubsub' build argument 'ament_cmake_args' from command line to 'None'
[0.896s] Level 5:colcon.colcon_core.verb:set package 'xarm_pubsub' build argument 'catkin_cmake_args' from command line to 'None'
[0.896s] Level 5:colcon.colcon_core.verb:set package 'xarm_pubsub' build argument 'catkin_skip_building_tests' from command line to 'False'
[0.896s] DEBUG:colcon.colcon_core.verb:Building package 'xarm_pubsub' with the following arguments: {'ament_cmake_args': None, 'build_base': '/home/jonny/projects/aloha_world/contol_ws/build/xarm_pubsub', 'catkin_cmake_args': None, 'catkin_skip_building_tests': False, 'cmake_args': None, 'cmake_clean_cache': False, 'cmake_clean_first': False, 'cmake_force_configure': False, 'cmake_target': None, 'cmake_target_skip_unavailable': False, 'install_base': '/home/jonny/projects/aloha_world/contol_ws/install/xarm_pubsub', 'merge_install': False, 'path': '/home/jonny/projects/aloha_world/contol_ws/src/xarm_pubsub', 'symlink_install': True, 'test_result_base': None}
[0.906s] INFO:colcon.colcon_core.executor:Executing jobs using 'parallel' executor
[0.917s] DEBUG:colcon.colcon_parallel_executor.executor.parallel:run_until_complete
[0.917s] INFO:colcon.colcon_ros.task.ament_python.build:Building ROS package in '/home/jonny/projects/aloha_world/contol_ws/src/xarm_pubsub' with build type 'ament_python'
[0.917s] Level 1:colcon.colcon_core.shell:create_environment_hook('xarm_pubsub', 'ament_prefix_path')
[0.928s] INFO:colcon.colcon_core.plugin_system:Skipping extension 'colcon_core.shell.bat': Not used on non-Windows systems
[0.929s] INFO:colcon.colcon_core.shell:Creating environment hook '/home/jonny/projects/aloha_world/contol_ws/install/xarm_pubsub/share/xarm_pubsub/hook/ament_prefix_path.ps1'
[0.929s] INFO:colcon.colcon_core.shell:Creating environment descriptor '/home/jonny/projects/aloha_world/contol_ws/install/xarm_pubsub/share/xarm_pubsub/hook/ament_prefix_path.dsv'
[0.929s] INFO:colcon.colcon_core.shell:Creating environment hook '/home/jonny/projects/aloha_world/contol_ws/install/xarm_pubsub/share/xarm_pubsub/hook/ament_prefix_path.sh'
[0.939s] INFO:colcon.colcon_core.shell:Skip shell extension 'powershell' for command environment: Not usable outside of PowerShell
[0.939s] DEBUG:colcon.colcon_core.shell:Skip shell extension 'dsv' for command environment
[1.155s] INFO:colcon.colcon_core.task.python.build:Building Python package in '/home/jonny/projects/aloha_world/contol_ws/src/xarm_pubsub'
[1.171s] INFO:colcon.colcon_core.shell:Skip shell extension 'powershell' for command environment: Not usable outside of PowerShell
[1.172s] DEBUG:colcon.colcon_core.shell:Skip shell extension 'dsv' for command environment
[1.456s] DEBUG:colcon.colcon_core.event_handler.log_command:Invoking command in '/home/jonny/projects/aloha_world/contol_ws/build/xarm_pubsub': PYTHONPATH=/home/jonny/projects/aloha_world/contol_ws/build/xarm_pubsub/prefix_override:/home/jonny/projects/aloha_world/contol_ws/install/xarm_pubsub/lib/python3.10/site-packages:${PYTHONPATH} /usr/bin/python3 setup.py develop --editable --build-directory /home/jonny/projects/aloha_world/contol_ws/build/xarm_pubsub/build --no-deps install_data
[1.775s] Level 1:colcon.colcon_core.shell:create_environment_hook('xarm_pubsub', 'pythonpath_develop')
[1.776s] DEBUG:colcon.colcon_core.event_handler.log_command:Invoked command in '/home/jonny/projects/aloha_world/contol_ws/build/xarm_pubsub' returned '0': PYTHONPATH=/home/jonny/projects/aloha_world/contol_ws/build/xarm_pubsub/prefix_override:/home/jonny/projects/aloha_world/contol_ws/install/xarm_pubsub/lib/python3.10/site-packages:${PYTHONPATH} /usr/bin/python3 setup.py develop --editable --build-directory /home/jonny/projects/aloha_world/contol_ws/build/xarm_pubsub/build --no-deps install_data
[1.790s] INFO:colcon.colcon_core.shell:Creating environment hook '/home/jonny/projects/aloha_world/contol_ws/build/xarm_pubsub/share/xarm_pubsub/hook/pythonpath_develop.ps1'
[1.791s] INFO:colcon.colcon_core.shell:Creating environment descriptor '/home/jonny/projects/aloha_world/contol_ws/build/xarm_pubsub/share/xarm_pubsub/hook/pythonpath_develop.dsv'
[1.791s] INFO:colcon.colcon_core.shell:Creating environment hook '/home/jonny/projects/aloha_world/contol_ws/build/xarm_pubsub/share/xarm_pubsub/hook/pythonpath_develop.sh'
[1.802s] Level 1:colcon.colcon_core.environment:checking '/home/jonny/projects/aloha_world/contol_ws/install/xarm_pubsub' for CMake module files
[1.802s] Level 1:colcon.colcon_core.environment:checking '/home/jonny/projects/aloha_world/contol_ws/install/xarm_pubsub' for CMake config files
[1.802s] Level 1:colcon.colcon_core.environment:checking '/home/jonny/projects/aloha_world/contol_ws/install/xarm_pubsub/lib'
[1.802s] Level 1:colcon.colcon_core.environment:checking '/home/jonny/projects/aloha_world/contol_ws/install/xarm_pubsub/bin'
[1.802s] Level 1:colcon.colcon_core.environment:checking '/home/jonny/projects/aloha_world/contol_ws/install/xarm_pubsub/lib/pkgconfig/xarm_pubsub.pc'
[1.803s] Level 1:colcon.colcon_core.environment:checking '/home/jonny/projects/aloha_world/contol_ws/install/xarm_pubsub/lib/python3.10/site-packages'
[1.803s] Level 1:colcon.colcon_core.shell:create_environment_hook('xarm_pubsub', 'pythonpath')
[1.812s] INFO:colcon.colcon_core.shell:Creating environment hook '/home/jonny/projects/aloha_world/contol_ws/install/xarm_pubsub/share/xarm_pubsub/hook/pythonpath.ps1'
[1.813s] INFO:colcon.colcon_core.shell:Creating environment descriptor '/home/jonny/projects/aloha_world/contol_ws/install/xarm_pubsub/share/xarm_pubsub/hook/pythonpath.dsv'
[1.813s] INFO:colcon.colcon_core.shell:Creating environment hook '/home/jonny/projects/aloha_world/contol_ws/install/xarm_pubsub/share/xarm_pubsub/hook/pythonpath.sh'
[1.813s] Level 1:colcon.colcon_core.environment:checking '/home/jonny/projects/aloha_world/contol_ws/install/xarm_pubsub/bin'
[1.813s] Level 1:colcon.colcon_core.environment:create_environment_scripts_only(xarm_pubsub)
[1.823s] INFO:colcon.colcon_core.shell:Creating package script '/home/jonny/projects/aloha_world/contol_ws/install/xarm_pubsub/share/xarm_pubsub/package.ps1'
[1.823s] INFO:colcon.colcon_core.shell:Creating package descriptor '/home/jonny/projects/aloha_world/contol_ws/install/xarm_pubsub/share/xarm_pubsub/package.dsv'
[1.824s] INFO:colcon.colcon_core.shell:Creating package script '/home/jonny/projects/aloha_world/contol_ws/install/xarm_pubsub/share/xarm_pubsub/package.sh'
[1.824s] INFO:colcon.colcon_core.shell:Creating package script '/home/jonny/projects/aloha_world/contol_ws/install/xarm_pubsub/share/xarm_pubsub/package.bash'
[1.824s] INFO:colcon.colcon_core.shell:Creating package script '/home/jonny/projects/aloha_world/contol_ws/install/xarm_pubsub/share/xarm_pubsub/package.zsh'
[1.825s] Level 1:colcon.colcon_core.environment:create_file_with_runtime_dependencies(/home/jonny/projects/aloha_world/contol_ws/install/xarm_pubsub/share/colcon-core/packages/xarm_pubsub)
[1.825s] DEBUG:colcon.colcon_parallel_executor.executor.parallel:closing loop
[1.825s] DEBUG:colcon.colcon_parallel_executor.executor.parallel:loop closed
[1.825s] DEBUG:colcon.colcon_parallel_executor.executor.parallel:run_until_complete finished with '0'
[1.825s] DEBUG:colcon.colcon_core.event_reactor:joining thread
[1.839s] INFO:colcon.colcon_core.plugin_system:Skipping extension 'colcon_notification.desktop_notification.terminal_notifier': Not used on non-Darwin systems
[1.839s] INFO:colcon.colcon_core.plugin_system:Skipping extension 'colcon_notification.desktop_notification.win32': Not used on non-Windows systems
[1.839s] INFO:colcon.colcon_notification.desktop_notification:Sending desktop notification using 'notify2'
[1.846s] DEBUG:colcon.colcon_core.event_reactor:joined thread
[1.858s] INFO:colcon.colcon_core.shell:Creating prefix script '/home/jonny/projects/aloha_world/contol_ws/install/local_setup.ps1'
[1.858s] INFO:colcon.colcon_core.shell:Creating prefix util module '/home/jonny/projects/aloha_world/contol_ws/install/_local_setup_util_ps1.py'
[1.859s] INFO:colcon.colcon_core.shell:Creating prefix chain script '/home/jonny/projects/aloha_world/contol_ws/install/setup.ps1'
[1.870s] INFO:colcon.colcon_core.shell:Creating prefix script '/home/jonny/projects/aloha_world/contol_ws/install/local_setup.sh'
[1.870s] INFO:colcon.colcon_core.shell:Creating prefix util module '/home/jonny/projects/aloha_world/contol_ws/install/_local_setup_util_sh.py'
[1.871s] INFO:colcon.colcon_core.shell:Creating prefix chain script '/home/jonny/projects/aloha_world/contol_ws/install/setup.sh'
[1.881s] INFO:colcon.colcon_core.shell:Creating prefix script '/home/jonny/projects/aloha_world/contol_ws/install/local_setup.bash'
[1.881s] INFO:colcon.colcon_core.shell:Creating prefix chain script '/home/jonny/projects/aloha_world/contol_ws/install/setup.bash'
[1.892s] INFO:colcon.colcon_core.shell:Creating prefix script '/home/jonny/projects/aloha_world/contol_ws/install/local_setup.zsh'
[1.892s] INFO:colcon.colcon_core.shell:Creating prefix chain script '/home/jonny/projects/aloha_world/contol_ws/install/setup.zsh'
