[0.504s] DEBUG:colcon:Command line arguments: ['/usr/bin/colcon', 'build', '--symlink-install']
[0.504s] DEBUG:colcon:Parsed command line arguments: Namespace(log_base=None, log_level=None, verb_name='build', build_base='build', install_base='install', merge_install=False, symlink_install=True, test_result_base=None, continue_on_error=False, executor='parallel', parallel_workers=16, event_handlers=None, ignore_user_meta=False, metas=['./colcon.meta'], base_paths=['.'], packages_ignore=None, packages_ignore_regex=None, paths=None, packages_up_to=None, packages_up_to_regex=None, packages_above=None, packages_above_and_dependencies=None, packages_above_depth=None, packages_select_by_dep=None, packages_skip_by_dep=None, packages_skip_up_to=None, packages_select_build_failed=False, packages_skip_build_finished=False, packages_select_test_failures=False, packages_skip_test_passed=False, packages_select=None, packages_skip=None, packages_select_regex=None, packages_skip_regex=None, packages_start=None, packages_end=None, allow_overriding=[], cmake_args=None, cmake_target=None, cmake_target_skip_unavailable=False, cmake_clean_cache=False, cmake_clean_first=False, cmake_force_configure=False, ament_cmake_args=None, catkin_cmake_args=None, catkin_skip_building_tests=False, verb_parser=<colcon_defaults.argument_parser.defaults.DefaultArgumentsDecorator object at 0x7fdce187cac0>, verb_extension=<colcon_core.verb.build.BuildVerb object at 0x7fdce187f970>, main=<bound method BuildVerb.main of <colcon_core.verb.build.BuildVerb object at 0x7fdce187f970>>)
[0.527s] Level 1:colcon.colcon_core.package_discovery:discover_packages(colcon_meta) check parameters
[0.528s] Level 1:colcon.colcon_core.package_discovery:discover_packages(recursive) check parameters
[0.528s] Level 1:colcon.colcon_core.package_discovery:discover_packages(ignore) check parameters
[0.528s] Level 1:colcon.colcon_core.package_discovery:discover_packages(path) check parameters
[0.528s] Level 1:colcon.colcon_core.package_discovery:discover_packages(colcon_meta) discover
[0.528s] Level 1:colcon.colcon_core.package_discovery:discover_packages(recursive) discover
[0.528s] INFO:colcon.colcon_core.package_discovery:Crawling recursively for packages in '/home/jonny/projects/aloha_world/contol_ws'
[0.528s] Level 1:colcon.colcon_core.package_identification:_identify(.) by extensions ['ignore', 'ignore_ament_install']
[0.528s] Level 1:colcon.colcon_core.package_identification:_identify(.) by extension 'ignore'
[0.528s] Level 1:colcon.colcon_core.package_identification:_identify(.) by extension 'ignore_ament_install'
[0.528s] Level 1:colcon.colcon_core.package_identification:_identify(.) by extensions ['colcon_pkg']
[0.528s] Level 1:colcon.colcon_core.package_identification:_identify(.) by extension 'colcon_pkg'
[0.528s] Level 1:colcon.colcon_core.package_identification:_identify(.) by extensions ['colcon_meta']
[0.528s] Level 1:colcon.colcon_core.package_identification:_identify(.) by extension 'colcon_meta'
[0.528s] Level 1:colcon.colcon_core.package_identification:_identify(.) by extensions ['ros']
[0.528s] Level 1:colcon.colcon_core.package_identification:_identify(.) by extension 'ros'
[0.534s] Level 1:colcon.colcon_core.package_identification:_identify(.) by extensions ['cmake', 'python']
[0.534s] Level 1:colcon.colcon_core.package_identification:_identify(.) by extension 'cmake'
[0.534s] Level 1:colcon.colcon_core.package_identification:_identify(.) by extension 'python'
[0.534s] Level 1:colcon.colcon_core.package_identification:_identify(.) by extensions ['python_setup_py']
[0.534s] Level 1:colcon.colcon_core.package_identification:_identify(.) by extension 'python_setup_py'
[0.534s] Level 1:colcon.colcon_core.package_identification:_identify(build) by extensions ['ignore', 'ignore_ament_install']
[0.534s] Level 1:colcon.colcon_core.package_identification:_identify(build) by extension 'ignore'
[0.534s] Level 1:colcon.colcon_core.package_identification:_identify(build) ignored
[0.534s] Level 1:colcon.colcon_core.package_identification:_identify(install) by extensions ['ignore', 'ignore_ament_install']
[0.534s] Level 1:colcon.colcon_core.package_identification:_identify(install) by extension 'ignore'
[0.534s] Level 1:colcon.colcon_core.package_identification:_identify(install) ignored
[0.534s] Level 1:colcon.colcon_core.package_identification:_identify(log) by extensions ['ignore', 'ignore_ament_install']
[0.534s] Level 1:colcon.colcon_core.package_identification:_identify(log) by extension 'ignore'
[0.534s] Level 1:colcon.colcon_core.package_identification:_identify(log) ignored
[0.534s] Level 1:colcon.colcon_core.package_identification:_identify(src) by extensions ['ignore', 'ignore_ament_install']
[0.534s] Level 1:colcon.colcon_core.package_identification:_identify(src) by extension 'ignore'
[0.534s] Level 1:colcon.colcon_core.package_identification:_identify(src) by extension 'ignore_ament_install'
[0.534s] Level 1:colcon.colcon_core.package_identification:_identify(src) by extensions ['colcon_pkg']
[0.534s] Level 1:colcon.colcon_core.package_identification:_identify(src) by extension 'colcon_pkg'
[0.534s] Level 1:colcon.colcon_core.package_identification:_identify(src) by extensions ['colcon_meta']
[0.535s] Level 1:colcon.colcon_core.package_identification:_identify(src) by extension 'colcon_meta'
[0.535s] Level 1:colcon.colcon_core.package_identification:_identify(src) by extensions ['ros']
[0.535s] Level 1:colcon.colcon_core.package_identification:_identify(src) by extension 'ros'
[0.535s] Level 1:colcon.colcon_core.package_identification:_identify(src) by extensions ['cmake', 'python']
[0.535s] Level 1:colcon.colcon_core.package_identification:_identify(src) by extension 'cmake'
[0.535s] Level 1:colcon.colcon_core.package_identification:_identify(src) by extension 'python'
[0.535s] Level 1:colcon.colcon_core.package_identification:_identify(src) by extensions ['python_setup_py']
[0.535s] Level 1:colcon.colcon_core.package_identification:_identify(src) by extension 'python_setup_py'
[0.535s] Level 1:colcon.colcon_core.package_identification:_identify(src/xarm_pubsub) by extensions ['ignore', 'ignore_ament_install']
[0.535s] Level 1:colcon.colcon_core.package_identification:_identify(src/xarm_pubsub) by extension 'ignore'
[0.535s] Level 1:colcon.colcon_core.package_identification:_identify(src/xarm_pubsub) by extension 'ignore_ament_install'
[0.535s] Level 1:colcon.colcon_core.package_identification:_identify(src/xarm_pubsub) by extensions ['colcon_pkg']
[0.535s] Level 1:colcon.colcon_core.package_identification:_identify(src/xarm_pubsub) by extension 'colcon_pkg'
[0.535s] Level 1:colcon.colcon_core.package_identification:_identify(src/xarm_pubsub) by extensions ['colcon_meta']
[0.535s] Level 1:colcon.colcon_core.package_identification:_identify(src/xarm_pubsub) by extension 'colcon_meta'
[0.535s] Level 1:colcon.colcon_core.package_identification:_identify(src/xarm_pubsub) by extensions ['ros']
[0.535s] Level 1:colcon.colcon_core.package_identification:_identify(src/xarm_pubsub) by extension 'ros'
[0.552s] DEBUG:colcon.colcon_core.package_identification:Found ROS schema reference in package manifest in 'src/xarm_pubsub'
[0.552s] WARNING:colcon.colcon_core.package_identification:Failed to parse ROS package manifest in 'src/xarm_pubsub': Error(s) in package 'src/xarm_pubsub/package.xml':
Invalid email "" for person "jonny"
Maintainers must have an email address
[0.552s] Level 1:colcon.colcon_core.package_identification:_identify(src/xarm_pubsub) by extensions ['cmake', 'python']
[0.552s] Level 1:colcon.colcon_core.package_identification:_identify(src/xarm_pubsub) by extension 'cmake'
[0.552s] Level 1:colcon.colcon_core.package_identification:_identify(src/xarm_pubsub) by extension 'python'
[0.553s] DEBUG:colcon.colcon_core.package_identification:Python package in 'src/xarm_pubsub' passes arguments to the setup() function which requires a different identification extension than 'python'
[0.553s] Level 1:colcon.colcon_core.package_identification:_identify(src/xarm_pubsub) by extensions ['python_setup_py']
[0.553s] Level 1:colcon.colcon_core.package_identification:_identify(src/xarm_pubsub) by extension 'python_setup_py'
[0.693s] DEBUG:colcon.colcon_core.package_identification:Package 'src/xarm_pubsub' with type 'python' and name 'xarm_pubsub'
[0.693s] Level 1:colcon.colcon_core.package_discovery:discover_packages(recursive) using defaults
[0.693s] Level 1:colcon.colcon_core.package_discovery:discover_packages(ignore) discover
[0.693s] Level 1:colcon.colcon_core.package_discovery:discover_packages(ignore) using defaults
[0.693s] Level 1:colcon.colcon_core.package_discovery:discover_packages(path) discover
[0.693s] Level 1:colcon.colcon_core.package_discovery:discover_packages(path) using defaults
[0.739s] Level 1:colcon.colcon_core.package_discovery:discover_packages(prefix_path) check parameters
[0.739s] Level 1:colcon.colcon_core.package_discovery:discover_packages(prefix_path) discover
[0.754s] DEBUG:colcon.colcon_installed_package_information.package_discovery:Found 4 installed packages in /home/jonny/projects/aloha_world/sim_ws/install
[0.767s] DEBUG:colcon.colcon_installed_package_information.package_discovery:Found 351 installed packages in /opt/ros/iron
[0.768s] Level 1:colcon.colcon_core.package_discovery:discover_packages(prefix_path) using defaults
[0.812s] Level 5:colcon.colcon_core.verb:set package 'xarm_pubsub' build argument 'cmake_args' from command line to 'None'
[0.812s] Level 5:colcon.colcon_core.verb:set package 'xarm_pubsub' build argument 'cmake_target' from command line to 'None'
[0.812s] Level 5:colcon.colcon_core.verb:set package 'xarm_pubsub' build argument 'cmake_target_skip_unavailable' from command line to 'False'
[0.812s] Level 5:colcon.colcon_core.verb:set package 'xarm_pubsub' build argument 'cmake_clean_cache' from command line to 'False'
[0.812s] Level 5:colcon.colcon_core.verb:set package 'xarm_pubsub' build argument 'cmake_clean_first' from command line to 'False'
[0.812s] Level 5:colcon.colcon_core.verb:set package 'xarm_pubsub' build argument 'cmake_force_configure' from command line to 'False'
[0.812s] Level 5:colcon.colcon_core.verb:set package 'xarm_pubsub' build argument 'ament_cmake_args' from command line to 'None'
[0.812s] Level 5:colcon.colcon_core.verb:set package 'xarm_pubsub' build argument 'catkin_cmake_args' from command line to 'None'
[0.812s] Level 5:colcon.colcon_core.verb:set package 'xarm_pubsub' build argument 'catkin_skip_building_tests' from command line to 'False'
[0.812s] DEBUG:colcon.colcon_core.verb:Building package 'xarm_pubsub' with the following arguments: {'ament_cmake_args': None, 'build_base': '/home/jonny/projects/aloha_world/contol_ws/build/xarm_pubsub', 'catkin_cmake_args': None, 'catkin_skip_building_tests': False, 'cmake_args': None, 'cmake_clean_cache': False, 'cmake_clean_first': False, 'cmake_force_configure': False, 'cmake_target': None, 'cmake_target_skip_unavailable': False, 'install_base': '/home/jonny/projects/aloha_world/contol_ws/install/xarm_pubsub', 'merge_install': False, 'path': '/home/jonny/projects/aloha_world/contol_ws/src/xarm_pubsub', 'symlink_install': True, 'test_result_base': None}
[0.819s] INFO:colcon.colcon_core.executor:Executing jobs using 'parallel' executor
[0.826s] DEBUG:colcon.colcon_parallel_executor.executor.parallel:run_until_complete
[0.826s] INFO:colcon.colcon_core.task.python.build:Building Python package in '/home/jonny/projects/aloha_world/contol_ws/src/xarm_pubsub'
[0.834s] INFO:colcon.colcon_core.plugin_system:Skipping extension 'colcon_core.shell.bat': Not used on non-Windows systems
[0.834s] INFO:colcon.colcon_core.shell:Skip shell extension 'powershell' for command environment: Not usable outside of PowerShell
[0.834s] DEBUG:colcon.colcon_core.shell:Skip shell extension 'dsv' for command environment
[1.193s] DEBUG:colcon.colcon_core.event_handler.log_command:Invoking command in '/home/jonny/projects/aloha_world/contol_ws/build/xarm_pubsub': PYTHONPATH=/home/jonny/projects/aloha_world/contol_ws/build/xarm_pubsub/prefix_override:/home/jonny/projects/aloha_world/contol_ws/install/xarm_pubsub/lib/python3.10/site-packages:${PYTHONPATH} /usr/bin/python3 setup.py develop --editable --build-directory /home/jonny/projects/aloha_world/contol_ws/build/xarm_pubsub/build --no-deps install_data
[1.440s] Level 1:colcon.colcon_core.shell:create_environment_hook('xarm_pubsub', 'pythonpath_develop')
[1.441s] DEBUG:colcon.colcon_core.event_handler.log_command:Invoked command in '/home/jonny/projects/aloha_world/contol_ws/build/xarm_pubsub' returned '0': PYTHONPATH=/home/jonny/projects/aloha_world/contol_ws/build/xarm_pubsub/prefix_override:/home/jonny/projects/aloha_world/contol_ws/install/xarm_pubsub/lib/python3.10/site-packages:${PYTHONPATH} /usr/bin/python3 setup.py develop --editable --build-directory /home/jonny/projects/aloha_world/contol_ws/build/xarm_pubsub/build --no-deps install_data
[1.448s] INFO:colcon.colcon_core.shell:Creating environment hook '/home/jonny/projects/aloha_world/contol_ws/build/xarm_pubsub/share/xarm_pubsub/hook/pythonpath_develop.ps1'
[1.449s] INFO:colcon.colcon_core.shell:Creating environment descriptor '/home/jonny/projects/aloha_world/contol_ws/build/xarm_pubsub/share/xarm_pubsub/hook/pythonpath_develop.dsv'
[1.449s] INFO:colcon.colcon_core.shell:Creating environment hook '/home/jonny/projects/aloha_world/contol_ws/build/xarm_pubsub/share/xarm_pubsub/hook/pythonpath_develop.sh'
[1.457s] Level 1:colcon.colcon_core.environment:checking '/home/jonny/projects/aloha_world/contol_ws/install/xarm_pubsub' for CMake module files
[1.458s] Level 1:colcon.colcon_core.environment:checking '/home/jonny/projects/aloha_world/contol_ws/install/xarm_pubsub' for CMake config files
[1.458s] Level 1:colcon.colcon_core.environment:checking '/home/jonny/projects/aloha_world/contol_ws/install/xarm_pubsub/lib'
[1.458s] Level 1:colcon.colcon_core.environment:checking '/home/jonny/projects/aloha_world/contol_ws/install/xarm_pubsub/bin'
[1.458s] Level 1:colcon.colcon_core.environment:checking '/home/jonny/projects/aloha_world/contol_ws/install/xarm_pubsub/lib/pkgconfig/xarm_pubsub.pc'
[1.458s] Level 1:colcon.colcon_core.environment:checking '/home/jonny/projects/aloha_world/contol_ws/install/xarm_pubsub/lib/python3.10/site-packages'
[1.458s] Level 1:colcon.colcon_core.shell:create_environment_hook('xarm_pubsub', 'pythonpath')
[1.465s] INFO:colcon.colcon_core.shell:Creating environment hook '/home/jonny/projects/aloha_world/contol_ws/install/xarm_pubsub/share/xarm_pubsub/hook/pythonpath.ps1'
[1.466s] INFO:colcon.colcon_core.shell:Creating environment descriptor '/home/jonny/projects/aloha_world/contol_ws/install/xarm_pubsub/share/xarm_pubsub/hook/pythonpath.dsv'
[1.466s] INFO:colcon.colcon_core.shell:Creating environment hook '/home/jonny/projects/aloha_world/contol_ws/install/xarm_pubsub/share/xarm_pubsub/hook/pythonpath.sh'
[1.466s] Level 1:colcon.colcon_core.environment:checking '/home/jonny/projects/aloha_world/contol_ws/install/xarm_pubsub/bin'
[1.466s] Level 1:colcon.colcon_core.environment:create_environment_scripts_only(xarm_pubsub)
[1.474s] INFO:colcon.colcon_core.shell:Creating package script '/home/jonny/projects/aloha_world/contol_ws/install/xarm_pubsub/share/xarm_pubsub/package.ps1'
[1.474s] INFO:colcon.colcon_core.shell:Creating package descriptor '/home/jonny/projects/aloha_world/contol_ws/install/xarm_pubsub/share/xarm_pubsub/package.dsv'
[1.474s] INFO:colcon.colcon_core.shell:Creating package script '/home/jonny/projects/aloha_world/contol_ws/install/xarm_pubsub/share/xarm_pubsub/package.sh'
[1.474s] INFO:colcon.colcon_core.shell:Creating package script '/home/jonny/projects/aloha_world/contol_ws/install/xarm_pubsub/share/xarm_pubsub/package.bash'
[1.475s] INFO:colcon.colcon_core.shell:Creating package script '/home/jonny/projects/aloha_world/contol_ws/install/xarm_pubsub/share/xarm_pubsub/package.zsh'
[1.475s] Level 1:colcon.colcon_core.environment:create_file_with_runtime_dependencies(/home/jonny/projects/aloha_world/contol_ws/install/xarm_pubsub/share/colcon-core/packages/xarm_pubsub)
[1.475s] DEBUG:colcon.colcon_parallel_executor.executor.parallel:closing loop
[1.476s] DEBUG:colcon.colcon_parallel_executor.executor.parallel:loop closed
[1.476s] DEBUG:colcon.colcon_parallel_executor.executor.parallel:run_until_complete finished with '0'
[1.476s] DEBUG:colcon.colcon_core.event_reactor:joining thread
[1.487s] INFO:colcon.colcon_core.plugin_system:Skipping extension 'colcon_notification.desktop_notification.terminal_notifier': Not used on non-Darwin systems
[1.487s] INFO:colcon.colcon_core.plugin_system:Skipping extension 'colcon_notification.desktop_notification.win32': Not used on non-Windows systems
[1.487s] INFO:colcon.colcon_notification.desktop_notification:Sending desktop notification using 'notify2'
[1.500s] DEBUG:colcon.colcon_core.event_reactor:joined thread
[1.508s] INFO:colcon.colcon_core.shell:Creating prefix script '/home/jonny/projects/aloha_world/contol_ws/install/local_setup.ps1'
[1.509s] INFO:colcon.colcon_core.shell:Creating prefix util module '/home/jonny/projects/aloha_world/contol_ws/install/_local_setup_util_ps1.py'
[1.510s] INFO:colcon.colcon_core.shell:Creating prefix chain script '/home/jonny/projects/aloha_world/contol_ws/install/setup.ps1'
[1.517s] INFO:colcon.colcon_core.shell:Creating prefix script '/home/jonny/projects/aloha_world/contol_ws/install/local_setup.sh'
[1.517s] INFO:colcon.colcon_core.shell:Creating prefix util module '/home/jonny/projects/aloha_world/contol_ws/install/_local_setup_util_sh.py'
[1.518s] INFO:colcon.colcon_core.shell:Creating prefix chain script '/home/jonny/projects/aloha_world/contol_ws/install/setup.sh'
[1.526s] INFO:colcon.colcon_core.shell:Creating prefix script '/home/jonny/projects/aloha_world/contol_ws/install/local_setup.bash'
[1.526s] INFO:colcon.colcon_core.shell:Creating prefix chain script '/home/jonny/projects/aloha_world/contol_ws/install/setup.bash'
[1.534s] INFO:colcon.colcon_core.shell:Creating prefix script '/home/jonny/projects/aloha_world/contol_ws/install/local_setup.zsh'
[1.534s] INFO:colcon.colcon_core.shell:Creating prefix chain script '/home/jonny/projects/aloha_world/contol_ws/install/setup.zsh'
